=== 2026-06-09T16:29:44Z ===
{"actual_status":null,"intended_status":null,"status_msg":null,"direct_port_count":null,"public_ipaddr":null,"ports":null,"ssh_host":null,"ssh_port":null,"gpu_name":null,"num_gpus":null,"disk_util":null,"cur_state":null}
=== 2026-06-09T16:29:50Z ===
{"actual_status":null,"intended_status":null,"status_msg":null,"direct_port_count":null,"public_ipaddr":null,"ports":null,"ssh_host":null,"ssh_port":null,"gpu_name":null,"num_gpus":null,"disk_util":null,"cur_state":null}
=== 2026-06-09T16:29:55Z ===
{"actual_status":null,"intended_status":null,"status_msg":null,"direct_port_count":null,"public_ipaddr":null,"ports":null,"ssh_host":null,"ssh_port":null,"gpu_name":null,"num_gpus":null,"disk_util":null,"cur_state":null}
=== 2026-06-09T16:30:01Z ===
{"actual_status":null,"intended_status":null,"status_msg":null,"direct_port_count":null,"public_ipaddr":null,"ports":null,"ssh_host":null,"ssh_port":null,"gpu_name":null,"num_gpus":null,"disk_util":null,"cur_state":null}
=== 2026-06-09T16:30:10Z ===
{"actual_status":null,"intended_status":null,"status_msg":null,"direct_port_count":null,"public_ipaddr":null,"ports":null,"ssh_host":null,"ssh_port":null,"gpu_name":null,"num_gpus":null,"disk_util":null,"cur_state":null}
=== 2026-06-09T16:30:16Z ===
{"actual_status":null,"intended_status":null,"status_msg":null,"direct_port_count":null,"public_ipaddr":null,"ports":null,"ssh_host":null,"ssh_port":null,"gpu_name":null,"num_gpus":null,"disk_util":null,"cur_state":null}
=== 2026-06-09T16:30:22Z ===
{"actual_status":null,"intended_status":null,"status_msg":null,"direct_port_count":null,"public_ipaddr":null,"ports":null,"ssh_host":null,"ssh_port":null,"gpu_name":null,"num_gpus":null,"disk_util":null,"cur_state":null}
=== 2026-06-09T16:30:27Z ===
{"actual_status":null,"intended_status":null,"status_msg":null,"direct_port_count":null,"public_ipaddr":null,"ports":null,"ssh_host":null,"ssh_port":null,"gpu_name":null,"num_gpus":null,"disk_util":null,"cur_state":null}
=== 2026-06-09T16:30:33Z ===
{"actual_status":null,"intended_status":null,"status_msg":null,"direct_port_count":null,"public_ipaddr":null,"ports":null,"ssh_host":null,"ssh_port":null,"gpu_name":null,"num_gpus":null,"disk_util":null,"cur_state":null}
=== 2026-06-09T16:30:39Z ===
{"actual_status":null,"intended_status":null,"status_msg":null,"direct_port_count":null,"public_ipaddr":null,"ports":null,"ssh_host":null,"ssh_port":null,"gpu_name":null,"num_gpus":null,"disk_util":null,"cur_state":null}
=== 2026-06-09T16:30:44Z ===
{"actual_status":null,"intended_status":null,"status_msg":null,"direct_port_count":null,"public_ipaddr":null,"ports":null,"ssh_host":null,"ssh_port":null,"gpu_name":null,"num_gpus":null,"disk_util":null,"cur_state":null}
=== 2026-06-09T16:30:50Z ===
{"actual_status":null,"intended_status":null,"status_msg":null,"direct_port_count":null,"public_ipaddr":null,"ports":null,"ssh_host":null,"ssh_port":null,"gpu_name":null,"num_gpus":null,"disk_util":null,"cur_state":null}
=== 2026-06-09T16:30:56Z ===
{"actual_status":null,"intended_status":null,"status_msg":null,"direct_port_count":null,"public_ipaddr":null,"ports":null,"ssh_host":null,"ssh_port":null,"gpu_name":null,"num_gpus":null,"disk_util":null,"cur_state":null}
=== 2026-06-09T16:31:01Z ===
{"actual_status":null,"intended_status":null,"status_msg":null,"direct_port_count":null,"public_ipaddr":null,"ports":null,"ssh_host":null,"ssh_port":null,"gpu_name":null,"num_gpus":null,"disk_util":null,"cur_state":null}
=== 2026-06-09T16:31:07Z ===
{"actual_status":null,"intended_status":null,"status_msg":null,"direct_port_count":null,"public_ipaddr":null,"ports":null,"ssh_host":null,"ssh_port":null,"gpu_name":null,"num_gpus":null,"disk_util":null,"cur_state":null}
=== 2026-06-09T16:31:13Z ===
{"actual_status":null,"intended_status":null,"status_msg":null,"direct_port_count":null,"public_ipaddr":null,"ports":null,"ssh_host":null,"ssh_port":null,"gpu_name":null,"num_gpus":null,"disk_util":null,"cur_state":null}
=== 2026-06-09T16:31:19Z ===
{"actual_status":null,"intended_status":null,"status_msg":null,"direct_port_count":null,"public_ipaddr":null,"ports":null,"ssh_host":null,"ssh_port":null,"gpu_name":null,"num_gpus":null,"disk_util":null,"cur_state":null}
=== 2026-06-09T16:31:24Z ===
{"actual_status":null,"intended_status":null,"status_msg":null,"direct_port_count":null,"public_ipaddr":null,"ports":null,"ssh_host":null,"ssh_port":null,"gpu_name":null,"num_gpus":null,"disk_util":null,"cur_state":null}
=== 2026-06-09T16:31:30Z ===
{"actual_status":null,"intended_status":null,"status_msg":null,"direct_port_count":null,"public_ipaddr":null,"ports":null,"ssh_host":null,"ssh_port":null,"gpu_name":null,"num_gpus":null,"disk_util":null,"cur_state":null}
=== 2026-06-09T16:31:36Z ===
{"actual_status":null,"intended_status":null,"status_msg":null,"direct_port_count":null,"public_ipaddr":null,"ports":null,"ssh_host":null,"ssh_port":null,"gpu_name":null,"num_gpus":null,"disk_util":null,"cur_state":null}
=== 2026-06-09T16:31:41Z ===
{"actual_status":null,"intended_status":null,"status_msg":null,"direct_port_count":null,"public_ipaddr":null,"ports":null,"ssh_host":null,"ssh_port":null,"gpu_name":null,"num_gpus":null,"disk_util":null,"cur_state":null}
=== 2026-06-09T16:31:47Z ===
{"actual_status":null,"intended_status":null,"status_msg":null,"direct_port_count":null,"public_ipaddr":null,"ports":null,"ssh_host":null,"ssh_port":null,"gpu_name":null,"num_gpus":null,"disk_util":null,"cur_state":null}
=== 2026-06-09T16:31:52Z ===
{"actual_status":null,"intended_status":null,"status_msg":null,"direct_port_count":null,"public_ipaddr":null,"ports":null,"ssh_host":null,"ssh_port":null,"gpu_name":null,"num_gpus":null,"disk_util":null,"cur_state":null}
=== 2026-06-09T16:31:58Z ===
{"actual_status":null,"intended_status":null,"status_msg":null,"direct_port_count":null,"public_ipaddr":null,"ports":null,"ssh_host":null,"ssh_port":null,"gpu_name":null,"num_gpus":null,"disk_util":null,"cur_state":null}
=== 2026-06-09T16:32:04Z ===
{"actual_status":null,"intended_status":null,"status_msg":null,"direct_port_count":null,"public_ipaddr":null,"ports":null,"ssh_host":null,"ssh_port":null,"gpu_name":null,"num_gpus":null,"disk_util":null,"cur_state":null}
=== 2026-06-09T16:32:10Z ===
{"actual_status":null,"intended_status":null,"status_msg":null,"direct_port_count":null,"public_ipaddr":null,"ports":null,"ssh_host":null,"ssh_port":null,"gpu_name":null,"num_gpus":null,"disk_util":null,"cur_state":null}
=== 2026-06-09T16:32:15Z ===
{"actual_status":null,"intended_status":null,"status_msg":null,"direct_port_count":null,"public_ipaddr":null,"ports":null,"ssh_host":null,"ssh_port":null,"gpu_name":null,"num_gpus":null,"disk_util":null,"cur_state":null}
=== 2026-06-09T16:32:21Z ===
{"actual_status":null,"intended_status":null,"status_msg":null,"direct_port_count":null,"public_ipaddr":null,"ports":null,"ssh_host":null,"ssh_port":null,"gpu_name":null,"num_gpus":null,"disk_util":null,"cur_state":null}
=== 2026-06-09T16:32:27Z ===
{"actual_status":null,"intended_status":null,"status_msg":null,"direct_port_count":null,"public_ipaddr":null,"ports":null,"ssh_host":null,"ssh_port":null,"gpu_name":null,"num_gpus":null,"disk_util":null,"cur_state":null}
=== 2026-06-09T16:32:32Z ===
{"actual_status":null,"intended_status":null,"status_msg":null,"direct_port_count":null,"public_ipaddr":null,"ports":null,"ssh_host":null,"ssh_port":null,"gpu_name":null,"num_gpus":null,"disk_util":null,"cur_state":null}
=== 2026-06-09T16:32:38Z ===
{"actual_status":null,"intended_status":null,"status_msg":null,"direct_port_count":null,"public_ipaddr":null,"ports":null,"ssh_host":null,"ssh_port":null,"gpu_name":null,"num_gpus":null,"disk_util":null,"cur_state":null}
=== 2026-06-09T16:32:44Z ===
{"actual_status":null,"intended_status":null,"status_msg":null,"direct_port_count":null,"public_ipaddr":null,"ports":null,"ssh_host":null,"ssh_port":null,"gpu_name":null,"num_gpus":null,"disk_util":null,"cur_state":null}
=== 2026-06-09T16:32:49Z ===
{"actual_status":null,"intended_status":null,"status_msg":null,"direct_port_count":null,"public_ipaddr":null,"ports":null,"ssh_host":null,"ssh_port":null,"gpu_name":null,"num_gpus":null,"disk_util":null,"cur_state":null}
=== 2026-06-09T16:32:55Z ===
{"actual_status":null,"intended_status":null,"status_msg":null,"direct_port_count":null,"public_ipaddr":null,"ports":null,"ssh_host":null,"ssh_port":null,"gpu_name":null,"num_gpus":null,"disk_util":null,"cur_state":null}
=== 2026-06-09T16:33:01Z ===
{"actual_status":null,"intended_status":null,"status_msg":null,"direct_port_count":null,"public_ipaddr":null,"ports":null,"ssh_host":null,"ssh_port":null,"gpu_name":null,"num_gpus":null,"disk_util":null,"cur_state":null}
=== 2026-06-09T16:33:06Z ===
{"actual_status":null,"intended_status":null,"status_msg":null,"direct_port_count":null,"public_ipaddr":null,"ports":null,"ssh_host":null,"ssh_port":null,"gpu_name":null,"num_gpus":null,"disk_util":null,"cur_state":null}
=== 2026-06-09T16:33:12Z ===
{"actual_status":null,"intended_status":null,"status_msg":null,"direct_port_count":null,"public_ipaddr":null,"ports":null,"ssh_host":null,"ssh_port":null,"gpu_name":null,"num_gpus":null,"disk_util":null,"cur_state":null}
=== 2026-06-09T16:33:18Z ===
{"actual_status":null,"intended_status":null,"status_msg":null,"direct_port_count":null,"public_ipaddr":null,"ports":null,"ssh_host":null,"ssh_port":null,"gpu_name":null,"num_gpus":null,"disk_util":null,"cur_state":null}
=== 2026-06-09T16:33:23Z ===
{"actual_status":null,"intended_status":null,"status_msg":null,"direct_port_count":null,"public_ipaddr":null,"ports":null,"ssh_host":null,"ssh_port":null,"gpu_name":null,"num_gpus":null,"disk_util":null,"cur_state":null}
=== 2026-06-09T16:33:29Z ===
{"actual_status":null,"intended_status":null,"status_msg":null,"direct_port_count":null,"public_ipaddr":null,"ports":null,"ssh_host":null,"ssh_port":null,"gpu_name":null,"num_gpus":null,"disk_util":null,"cur_state":null}
=== 2026-06-09T16:33:35Z ===
{"actual_status":null,"intended_status":null,"status_msg":null,"direct_port_count":null,"public_ipaddr":null,"ports":null,"ssh_host":null,"ssh_port":null,"gpu_name":null,"num_gpus":null,"disk_util":null,"cur_state":null}
=== 2026-06-09T16:33:40Z ===
{"actual_status":null,"intended_status":null,"status_msg":null,"direct_port_count":null,"public_ipaddr":null,"ports":null,"ssh_host":null,"ssh_port":null,"gpu_name":null,"num_gpus":null,"disk_util":null,"cur_state":null}
=== 2026-06-09T16:33:46Z ===
{"actual_status":null,"intended_status":null,"status_msg":null,"direct_port_count":null,"public_ipaddr":null,"ports":null,"ssh_host":null,"ssh_port":null,"gpu_name":null,"num_gpus":null,"disk_util":null,"cur_state":null}
=== 2026-06-09T16:33:52Z ===
{"actual_status":null,"intended_status":null,"status_msg":null,"direct_port_count":null,"public_ipaddr":null,"ports":null,"ssh_host":null,"ssh_port":null,"gpu_name":null,"num_gpus":null,"disk_util":null,"cur_state":null}
=== 2026-06-09T16:33:58Z ===
{"actual_status":null,"intended_status":null,"status_msg":null,"direct_port_count":null,"public_ipaddr":null,"ports":null,"ssh_host":null,"ssh_port":null,"gpu_name":null,"num_gpus":null,"disk_util":null,"cur_state":null}
=== 2026-06-09T16:34:03Z ===
{"actual_status":null,"intended_status":null,"status_msg":null,"direct_port_count":null,"public_ipaddr":null,"ports":null,"ssh_host":null,"ssh_port":null,"gpu_name":null,"num_gpus":null,"disk_util":null,"cur_state":null}
=== 2026-06-09T16:34:09Z ===
{"actual_status":null,"intended_status":null,"status_msg":null,"direct_port_count":null,"public_ipaddr":null,"ports":null,"ssh_host":null,"ssh_port":null,"gpu_name":null,"num_gpus":null,"disk_util":null,"cur_state":null}
=== 2026-06-09T16:34:14Z ===
{"actual_status":null,"intended_status":null,"status_msg":null,"direct_port_count":null,"public_ipaddr":null,"ports":null,"ssh_host":null,"ssh_port":null,"gpu_name":null,"num_gpus":null,"disk_util":null,"cur_state":null}
=== 2026-06-09T16:34:20Z ===
{"actual_status":null,"intended_status":null,"status_msg":null,"direct_port_count":null,"public_ipaddr":null,"ports":null,"ssh_host":null,"ssh_port":null,"gpu_name":null,"num_gpus":null,"disk_util":null,"cur_state":null}
=== 2026-06-09T16:34:26Z ===
{"actual_status":null,"intended_status":null,"status_msg":null,"direct_port_count":null,"public_ipaddr":null,"ports":null,"ssh_host":null,"ssh_port":null,"gpu_name":null,"num_gpus":null,"disk_util":null,"cur_state":null}
=== 2026-06-09T16:34:31Z ===
{"actual_status":null,"intended_status":null,"status_msg":null,"direct_port_count":null,"public_ipaddr":null,"ports":null,"ssh_host":null,"ssh_port":null,"gpu_name":null,"num_gpus":null,"disk_util":null,"cur_state":null}
=== 2026-06-09T16:34:37Z ===
{"actual_status":null,"intended_status":null,"status_msg":null,"direct_port_count":null,"public_ipaddr":null,"ports":null,"ssh_host":null,"ssh_port":null,"gpu_name":null,"num_gpus":null,"disk_util":null,"cur_state":null}
=== 2026-06-09T16:34:43Z ===
{"actual_status":null,"intended_status":null,"status_msg":null,"direct_port_count":null,"public_ipaddr":null,"ports":null,"ssh_host":null,"ssh_port":null,"gpu_name":null,"num_gpus":null,"disk_util":null,"cur_state":null}
=== 2026-06-09T16:34:48Z ===
{"actual_status":null,"intended_status":null,"status_msg":null,"direct_port_count":null,"public_ipaddr":null,"ports":null,"ssh_host":null,"ssh_port":null,"gpu_name":null,"num_gpus":null,"disk_util":null,"cur_state":null}
=== 2026-06-09T16:34:54Z ===
{"actual_status":null,"intended_status":null,"status_msg":null,"direct_port_count":null,"public_ipaddr":null,"ports":null,"ssh_host":null,"ssh_port":null,"gpu_name":null,"num_gpus":null,"disk_util":null,"cur_state":null}
=== 2026-06-09T16:35:00Z ===
{"actual_status":null,"intended_status":null,"status_msg":null,"direct_port_count":null,"public_ipaddr":null,"ports":null,"ssh_host":null,"ssh_port":null,"gpu_name":null,"num_gpus":null,"disk_util":null,"cur_state":null}
=== 2026-06-09T16:35:05Z ===
{"actual_status":null,"intended_status":null,"status_msg":null,"direct_port_count":null,"public_ipaddr":null,"ports":null,"ssh_host":null,"ssh_port":null,"gpu_name":null,"num_gpus":null,"disk_util":null,"cur_state":null}
=== 2026-06-09T16:35:11Z ===
{"actual_status":null,"intended_status":null,"status_msg":null,"direct_port_count":null,"public_ipaddr":null,"ports":null,"ssh_host":null,"ssh_port":null,"gpu_name":null,"num_gpus":null,"disk_util":null,"cur_state":null}
=== 2026-06-09T16:35:17Z ===
{"actual_status":null,"intended_status":null,"status_msg":null,"direct_port_count":null,"public_ipaddr":null,"ports":null,"ssh_host":null,"ssh_port":null,"gpu_name":null,"num_gpus":null,"disk_util":null,"cur_state":null}
=== 2026-06-09T16:35:22Z ===
{"actual_status":null,"intended_status":null,"status_msg":null,"direct_port_count":null,"public_ipaddr":null,"ports":null,"ssh_host":null,"ssh_port":null,"gpu_name":null,"num_gpus":null,"disk_util":null,"cur_state":null}
=== 2026-06-09T16:35:28Z ===
{"actual_status":null,"intended_status":null,"status_msg":null,"direct_port_count":null,"public_ipaddr":null,"ports":null,"ssh_host":null,"ssh_port":null,"gpu_name":null,"num_gpus":null,"disk_util":null,"cur_state":null}
=== 2026-06-09T16:35:34Z ===
{"actual_status":null,"intended_status":null,"status_msg":null,"direct_port_count":null,"public_ipaddr":null,"ports":null,"ssh_host":null,"ssh_port":null,"gpu_name":null,"num_gpus":null,"disk_util":null,"cur_state":null}
=== 2026-06-09T16:35:39Z ===
{"actual_status":null,"intended_status":null,"status_msg":null,"direct_port_count":null,"public_ipaddr":null,"ports":null,"ssh_host":null,"ssh_port":null,"gpu_name":null,"num_gpus":null,"disk_util":null,"cur_state":null}
=== 2026-06-09T16:35:45Z ===
{"actual_status":null,"intended_status":null,"status_msg":null,"direct_port_count":null,"public_ipaddr":null,"ports":null,"ssh_host":null,"ssh_port":null,"gpu_name":null,"num_gpus":null,"disk_util":null,"cur_state":null}
=== 2026-06-09T16:35:51Z ===
{"actual_status":null,"intended_status":null,"status_msg":null,"direct_port_count":null,"public_ipaddr":null,"ports":null,"ssh_host":null,"ssh_port":null,"gpu_name":null,"num_gpus":null,"disk_util":null,"cur_state":null}
=== 2026-06-09T16:35:56Z ===
{"actual_status":null,"intended_status":null,"status_msg":null,"direct_port_count":null,"public_ipaddr":null,"ports":null,"ssh_host":null,"ssh_port":null,"gpu_name":null,"num_gpus":null,"disk_util":null,"cur_state":null}
=== 2026-06-09T16:36:02Z ===
{"actual_status":null,"intended_status":null,"status_msg":null,"direct_port_count":null,"public_ipaddr":null,"ports":null,"ssh_host":null,"ssh_port":null,"gpu_name":null,"num_gpus":null,"disk_util":null,"cur_state":null}
=== 2026-06-09T16:36:09Z ===
{"actual_status":null,"intended_status":null,"status_msg":null,"direct_port_count":null,"public_ipaddr":null,"ports":null,"ssh_host":null,"ssh_port":null,"gpu_name":null,"num_gpus":null,"disk_util":null,"cur_state":null}
=== 2026-06-09T16:36:15Z ===
{"actual_status":null,"intended_status":null,"status_msg":null,"direct_port_count":null,"public_ipaddr":null,"ports":null,"ssh_host":null,"ssh_port":null,"gpu_name":null,"num_gpus":null,"disk_util":null,"cur_state":null}
=== 2026-06-09T16:36:20Z ===
{"actual_status":null,"intended_status":null,"status_msg":null,"direct_port_count":null,"public_ipaddr":null,"ports":null,"ssh_host":null,"ssh_port":null,"gpu_name":null,"num_gpus":null,"disk_util":null,"cur_state":null}
=== 2026-06-09T16:36:26Z ===
{"actual_status":null,"intended_status":null,"status_msg":null,"direct_port_count":null,"public_ipaddr":null,"ports":null,"ssh_host":null,"ssh_port":null,"gpu_name":null,"num_gpus":null,"disk_util":null,"cur_state":null}
=== 2026-06-09T16:36:32Z ===
{"actual_status":null,"intended_status":null,"status_msg":null,"direct_port_count":null,"public_ipaddr":null,"ports":null,"ssh_host":null,"ssh_port":null,"gpu_name":null,"num_gpus":null,"disk_util":null,"cur_state":null}
=== 2026-06-09T16:36:37Z ===
{"actual_status":null,"intended_status":null,"status_msg":null,"direct_port_count":null,"public_ipaddr":null,"ports":null,"ssh_host":null,"ssh_port":null,"gpu_name":null,"num_gpus":null,"disk_util":null,"cur_state":null}
=== 2026-06-09T16:36:43Z ===
{"actual_status":null,"intended_status":null,"status_msg":null,"direct_port_count":null,"public_ipaddr":null,"ports":null,"ssh_host":null,"ssh_port":null,"gpu_name":null,"num_gpus":null,"disk_util":null,"cur_state":null}
=== 2026-06-09T16:36:49Z ===
{"actual_status":null,"intended_status":null,"status_msg":null,"direct_port_count":null,"public_ipaddr":null,"ports":null,"ssh_host":null,"ssh_port":null,"gpu_name":null,"num_gpus":null,"disk_util":null,"cur_state":null}
=== 2026-06-09T16:36:54Z ===
{"actual_status":null,"intended_status":null,"status_msg":null,"direct_port_count":null,"public_ipaddr":null,"ports":null,"ssh_host":null,"ssh_port":null,"gpu_name":null,"num_gpus":null,"disk_util":null,"cur_state":null}
=== 2026-06-09T16:37:00Z ===
{"actual_status":null,"intended_status":null,"status_msg":null,"direct_port_count":null,"public_ipaddr":null,"ports":null,"ssh_host":null,"ssh_port":null,"gpu_name":null,"num_gpus":null,"disk_util":null,"cur_state":null}
=== 2026-06-09T16:37:06Z ===
{"actual_status":null,"intended_status":null,"status_msg":null,"direct_port_count":null,"public_ipaddr":null,"ports":null,"ssh_host":null,"ssh_port":null,"gpu_name":null,"num_gpus":null,"disk_util":null,"cur_state":null}
=== 2026-06-09T16:37:11Z ===
{"actual_status":null,"intended_status":null,"status_msg":null,"direct_port_count":null,"public_ipaddr":null,"ports":null,"ssh_host":null,"ssh_port":null,"gpu_name":null,"num_gpus":null,"disk_util":null,"cur_state":null}
=== 2026-06-09T16:37:17Z ===
{"actual_status":null,"intended_status":null,"status_msg":null,"direct_port_count":null,"public_ipaddr":null,"ports":null,"ssh_host":null,"ssh_port":null,"gpu_name":null,"num_gpus":null,"disk_util":null,"cur_state":null}
=== 2026-06-09T16:37:23Z ===
{"actual_status":null,"intended_status":null,"status_msg":null,"direct_port_count":null,"public_ipaddr":null,"ports":null,"ssh_host":null,"ssh_port":null,"gpu_name":null,"num_gpus":null,"disk_util":null,"cur_state":null}
=== 2026-06-09T16:37:28Z ===
{"actual_status":null,"intended_status":null,"status_msg":null,"direct_port_count":null,"public_ipaddr":null,"ports":null,"ssh_host":null,"ssh_port":null,"gpu_name":null,"num_gpus":null,"disk_util":null,"cur_state":null}
=== 2026-06-09T16:37:34Z ===
{"actual_status":null,"intended_status":null,"status_msg":null,"direct_port_count":null,"public_ipaddr":null,"ports":null,"ssh_host":null,"ssh_port":null,"gpu_name":null,"num_gpus":null,"disk_util":null,"cur_state":null}
=== 2026-06-09T16:37:40Z ===
{"actual_status":null,"intended_status":null,"status_msg":null,"direct_port_count":null,"public_ipaddr":null,"ports":null,"ssh_host":null,"ssh_port":null,"gpu_name":null,"num_gpus":null,"disk_util":null,"cur_state":null}
=== 2026-06-09T16:37:46Z ===
{"actual_status":null,"intended_status":null,"status_msg":null,"direct_port_count":null,"public_ipaddr":null,"ports":null,"ssh_host":null,"ssh_port":null,"gpu_name":null,"num_gpus":null,"disk_util":null,"cur_state":null}
=== 2026-06-09T16:37:51Z ===
{"actual_status":null,"intended_status":null,"status_msg":null,"direct_port_count":null,"public_ipaddr":null,"ports":null,"ssh_host":null,"ssh_port":null,"gpu_name":null,"num_gpus":null,"disk_util":null,"cur_state":null}
=== 2026-06-09T16:37:57Z ===
{"actual_status":null,"intended_status":null,"status_msg":null,"direct_port_count":null,"public_ipaddr":null,"ports":null,"ssh_host":null,"ssh_port":null,"gpu_name":null,"num_gpus":null,"disk_util":null,"cur_state":null}
=== 2026-06-09T16:38:02Z ===
{"actual_status":null,"intended_status":null,"status_msg":null,"direct_port_count":null,"public_ipaddr":null,"ports":null,"ssh_host":null,"ssh_port":null,"gpu_name":null,"num_gpus":null,"disk_util":null,"cur_state":null}
=== 2026-06-09T16:38:08Z ===
{"actual_status":null,"intended_status":null,"status_msg":null,"direct_port_count":null,"public_ipaddr":null,"ports":null,"ssh_host":null,"ssh_port":null,"gpu_name":null,"num_gpus":null,"disk_util":null,"cur_state":null}
=== 2026-06-09T16:38:14Z ===
{"actual_status":null,"intended_status":null,"status_msg":null,"direct_port_count":null,"public_ipaddr":null,"ports":null,"ssh_host":null,"ssh_port":null,"gpu_name":null,"num_gpus":null,"disk_util":null,"cur_state":null}
=== 2026-06-09T16:38:20Z ===
{"actual_status":null,"intended_status":null,"status_msg":null,"direct_port_count":null,"public_ipaddr":null,"ports":null,"ssh_host":null,"ssh_port":null,"gpu_name":null,"num_gpus":null,"disk_util":null,"cur_state":null}
=== 2026-06-09T16:38:25Z ===
{"actual_status":null,"intended_status":null,"status_msg":null,"direct_port_count":null,"public_ipaddr":null,"ports":null,"ssh_host":null,"ssh_port":null,"gpu_name":null,"num_gpus":null,"disk_util":null,"cur_state":null}
=== 2026-06-09T16:38:31Z ===
{"actual_status":null,"intended_status":null,"status_msg":null,"direct_port_count":null,"public_ipaddr":null,"ports":null,"ssh_host":null,"ssh_port":null,"gpu_name":null,"num_gpus":null,"disk_util":null,"cur_state":null}
=== 2026-06-09T16:38:36Z ===
{"actual_status":null,"intended_status":null,"status_msg":null,"direct_port_count":null,"public_ipaddr":null,"ports":null,"ssh_host":null,"ssh_port":null,"gpu_name":null,"num_gpus":null,"disk_util":null,"cur_state":null}
=== 2026-06-09T16:38:42Z ===
{"actual_status":null,"intended_status":null,"status_msg":null,"direct_port_count":null,"public_ipaddr":null,"ports":null,"ssh_host":null,"ssh_port":null,"gpu_name":null,"num_gpus":null,"disk_util":null,"cur_state":null}
=== 2026-06-09T16:38:48Z ===
{"actual_status":null,"intended_status":null,"status_msg":null,"direct_port_count":null,"public_ipaddr":null,"ports":null,"ssh_host":null,"ssh_port":null,"gpu_name":null,"num_gpus":null,"disk_util":null,"cur_state":null}
=== 2026-06-09T16:38:53Z ===
{"actual_status":null,"intended_status":null,"status_msg":null,"direct_port_count":null,"public_ipaddr":null,"ports":null,"ssh_host":null,"ssh_port":null,"gpu_name":null,"num_gpus":null,"disk_util":null,"cur_state":null}
=== 2026-06-09T16:38:59Z ===
{"actual_status":null,"intended_status":null,"status_msg":null,"direct_port_count":null,"public_ipaddr":null,"ports":null,"ssh_host":null,"ssh_port":null,"gpu_name":null,"num_gpus":null,"disk_util":null,"cur_state":null}
=== 2026-06-09T16:39:05Z ===
{"actual_status":null,"intended_status":null,"status_msg":null,"direct_port_count":null,"public_ipaddr":null,"ports":null,"ssh_host":null,"ssh_port":null,"gpu_name":null,"num_gpus":null,"disk_util":null,"cur_state":null}
=== 2026-06-09T16:39:11Z ===
{"actual_status":null,"intended_status":null,"status_msg":null,"direct_port_count":null,"public_ipaddr":null,"ports":null,"ssh_host":null,"ssh_port":null,"gpu_name":null,"num_gpus":null,"disk_util":null,"cur_state":null}
=== 2026-06-09T16:39:16Z ===
{"actual_status":null,"intended_status":null,"status_msg":null,"direct_port_count":null,"public_ipaddr":null,"ports":null,"ssh_host":null,"ssh_port":null,"gpu_name":null,"num_gpus":null,"disk_util":null,"cur_state":null}
=== 2026-06-09T16:39:22Z ===
{"actual_status":null,"intended_status":null,"status_msg":null,"direct_port_count":null,"public_ipaddr":null,"ports":null,"ssh_host":null,"ssh_port":null,"gpu_name":null,"num_gpus":null,"disk_util":null,"cur_state":null}
=== 2026-06-09T16:39:28Z ===
{"actual_status":null,"intended_status":null,"status_msg":null,"direct_port_count":null,"public_ipaddr":null,"ports":null,"ssh_host":null,"ssh_port":null,"gpu_name":null,"num_gpus":null,"disk_util":null,"cur_state":null}
=== 2026-06-09T16:39:33Z ===
{"actual_status":null,"intended_status":null,"status_msg":null,"direct_port_count":null,"public_ipaddr":null,"ports":null,"ssh_host":null,"ssh_port":null,"gpu_name":null,"num_gpus":null,"disk_util":null,"cur_state":null}
=== 2026-06-09T16:39:39Z ===
{"actual_status":null,"intended_status":null,"status_msg":null,"direct_port_count":null,"public_ipaddr":null,"ports":null,"ssh_host":null,"ssh_port":null,"gpu_name":null,"num_gpus":null,"disk_util":null,"cur_state":null}
=== 2026-06-09T16:39:45Z ===
{"actual_status":null,"intended_status":null,"status_msg":null,"direct_port_count":null,"public_ipaddr":null,"ports":null,"ssh_host":null,"ssh_port":null,"gpu_name":null,"num_gpus":null,"disk_util":null,"cur_state":null}
=== 2026-06-09T16:39:50Z ===
{"actual_status":null,"intended_status":null,"status_msg":null,"direct_port_count":null,"public_ipaddr":null,"ports":null,"ssh_host":null,"ssh_port":null,"gpu_name":null,"num_gpus":null,"disk_util":null,"cur_state":null}
=== 2026-06-09T16:39:56Z ===
{"actual_status":null,"intended_status":null,"status_msg":null,"direct_port_count":null,"public_ipaddr":null,"ports":null,"ssh_host":null,"ssh_port":null,"gpu_name":null,"num_gpus":null,"disk_util":null,"cur_state":null}
=== 2026-06-09T16:40:02Z ===
{"actual_status":null,"intended_status":null,"status_msg":null,"direct_port_count":null,"public_ipaddr":null,"ports":null,"ssh_host":null,"ssh_port":null,"gpu_name":null,"num_gpus":null,"disk_util":null,"cur_state":null}
=== 2026-06-09T16:40:09Z ===
{"actual_status":null,"intended_status":null,"status_msg":null,"direct_port_count":null,"public_ipaddr":null,"ports":null,"ssh_host":null,"ssh_port":null,"gpu_name":null,"num_gpus":null,"disk_util":null,"cur_state":null}
=== 2026-06-09T16:40:14Z ===
{"actual_status":null,"intended_status":null,"status_msg":null,"direct_port_count":null,"public_ipaddr":null,"ports":null,"ssh_host":null,"ssh_port":null,"gpu_name":null,"num_gpus":null,"disk_util":null,"cur_state":null}
=== 2026-06-09T16:40:20Z ===
{"actual_status":null,"intended_status":null,"status_msg":null,"direct_port_count":null,"public_ipaddr":null,"ports":null,"ssh_host":null,"ssh_port":null,"gpu_name":null,"num_gpus":null,"disk_util":null,"cur_state":null}
=== 2026-06-09T16:40:26Z ===
{"actual_status":null,"intended_status":null,"status_msg":null,"direct_port_count":null,"public_ipaddr":null,"ports":null,"ssh_host":null,"ssh_port":null,"gpu_name":null,"num_gpus":null,"disk_util":null,"cur_state":null}
=== 2026-06-09T16:40:31Z ===
{"actual_status":null,"intended_status":null,"status_msg":null,"direct_port_count":null,"public_ipaddr":null,"ports":null,"ssh_host":null,"ssh_port":null,"gpu_name":null,"num_gpus":null,"disk_util":null,"cur_state":null}
=== 2026-06-09T16:40:37Z ===
{"actual_status":null,"intended_status":null,"status_msg":null,"direct_port_count":null,"public_ipaddr":null,"ports":null,"ssh_host":null,"ssh_port":null,"gpu_name":null,"num_gpus":null,"disk_util":null,"cur_state":null}
=== 2026-06-09T16:40:43Z ===
{"actual_status":null,"intended_status":null,"status_msg":null,"direct_port_count":null,"public_ipaddr":null,"ports":null,"ssh_host":null,"ssh_port":null,"gpu_name":null,"num_gpus":null,"disk_util":null,"cur_state":null}
=== 2026-06-09T16:40:48Z ===
{"actual_status":null,"intended_status":null,"status_msg":null,"direct_port_count":null,"public_ipaddr":null,"ports":null,"ssh_host":null,"ssh_port":null,"gpu_name":null,"num_gpus":null,"disk_util":null,"cur_state":null}
=== 2026-06-09T16:40:54Z ===
{"actual_status":null,"intended_status":null,"status_msg":null,"direct_port_count":null,"public_ipaddr":null,"ports":null,"ssh_host":null,"ssh_port":null,"gpu_name":null,"num_gpus":null,"disk_util":null,"cur_state":null}
=== 2026-06-09T16:41:00Z ===
{"actual_status":null,"intended_status":null,"status_msg":null,"direct_port_count":null,"public_ipaddr":null,"ports":null,"ssh_host":null,"ssh_port":null,"gpu_name":null,"num_gpus":null,"disk_util":null,"cur_state":null}
=== 2026-06-09T16:41:05Z ===
{"actual_status":null,"intended_status":null,"status_msg":null,"direct_port_count":null,"public_ipaddr":null,"ports":null,"ssh_host":null,"ssh_port":null,"gpu_name":null,"num_gpus":null,"disk_util":null,"cur_state":null}
=== 2026-06-09T16:41:11Z ===
{"actual_status":null,"intended_status":null,"status_msg":null,"direct_port_count":null,"public_ipaddr":null,"ports":null,"ssh_host":null,"ssh_port":null,"gpu_name":null,"num_gpus":null,"disk_util":null,"cur_state":null}
=== 2026-06-09T16:41:17Z ===
{"actual_status":null,"intended_status":null,"status_msg":null,"direct_port_count":null,"public_ipaddr":null,"ports":null,"ssh_host":null,"ssh_port":null,"gpu_name":null,"num_gpus":null,"disk_util":null,"cur_state":null}
=== 2026-06-09T16:41:22Z ===
{"actual_status":null,"intended_status":null,"status_msg":null,"direct_port_count":null,"public_ipaddr":null,"ports":null,"ssh_host":null,"ssh_port":null,"gpu_name":null,"num_gpus":null,"disk_util":null,"cur_state":null}
=== 2026-06-09T16:41:28Z ===
{"actual_status":null,"intended_status":null,"status_msg":null,"direct_port_count":null,"public_ipaddr":null,"ports":null,"ssh_host":null,"ssh_port":null,"gpu_name":null,"num_gpus":null,"disk_util":null,"cur_state":null}
=== 2026-06-09T16:41:34Z ===
{"actual_status":null,"intended_status":null,"status_msg":null,"direct_port_count":null,"public_ipaddr":null,"ports":null,"ssh_host":null,"ssh_port":null,"gpu_name":null,"num_gpus":null,"disk_util":null,"cur_state":null}
=== 2026-06-09T16:41:40Z ===
{"actual_status":null,"intended_status":null,"status_msg":null,"direct_port_count":null,"public_ipaddr":null,"ports":null,"ssh_host":null,"ssh_port":null,"gpu_name":null,"num_gpus":null,"disk_util":null,"cur_state":null}
=== 2026-06-09T16:41:45Z ===
{"actual_status":null,"intended_status":null,"status_msg":null,"direct_port_count":null,"public_ipaddr":null,"ports":null,"ssh_host":null,"ssh_port":null,"gpu_name":null,"num_gpus":null,"disk_util":null,"cur_state":null}
=== 2026-06-09T16:41:51Z ===
{"actual_status":null,"intended_status":null,"status_msg":null,"direct_port_count":null,"public_ipaddr":null,"ports":null,"ssh_host":null,"ssh_port":null,"gpu_name":null,"num_gpus":null,"disk_util":null,"cur_state":null}
=== 2026-06-09T16:41:57Z ===
{"actual_status":null,"intended_status":null,"status_msg":null,"direct_port_count":null,"public_ipaddr":null,"ports":null,"ssh_host":null,"ssh_port":null,"gpu_name":null,"num_gpus":null,"disk_util":null,"cur_state":null}
=== 2026-06-09T16:42:02Z ===
{"actual_status":null,"intended_status":null,"status_msg":null,"direct_port_count":null,"public_ipaddr":null,"ports":null,"ssh_host":null,"ssh_port":null,"gpu_name":null,"num_gpus":null,"disk_util":null,"cur_state":null}
=== 2026-06-09T16:42:10Z ===
{"actual_status":null,"intended_status":null,"status_msg":null,"direct_port_count":null,"public_ipaddr":null,"ports":null,"ssh_host":null,"ssh_port":null,"gpu_name":null,"num_gpus":null,"disk_util":null,"cur_state":null}
=== 2026-06-09T16:42:15Z ===
{"actual_status":null,"intended_status":null,"status_msg":null,"direct_port_count":null,"public_ipaddr":null,"ports":null,"ssh_host":null,"ssh_port":null,"gpu_name":null,"num_gpus":null,"disk_util":null,"cur_state":null}
=== 2026-06-09T16:42:21Z ===
{"actual_status":null,"intended_status":null,"status_msg":null,"direct_port_count":null,"public_ipaddr":null,"ports":null,"ssh_host":null,"ssh_port":null,"gpu_name":null,"num_gpus":null,"disk_util":null,"cur_state":null}
=== 2026-06-09T16:42:27Z ===
{"actual_status":null,"intended_status":null,"status_msg":null,"direct_port_count":null,"public_ipaddr":null,"ports":null,"ssh_host":null,"ssh_port":null,"gpu_name":null,"num_gpus":null,"disk_util":null,"cur_state":null}
=== 2026-06-09T16:42:32Z ===
{"actual_status":null,"intended_status":null,"status_msg":null,"direct_port_count":null,"public_ipaddr":null,"ports":null,"ssh_host":null,"ssh_port":null,"gpu_name":null,"num_gpus":null,"disk_util":null,"cur_state":null}
=== 2026-06-09T16:42:38Z ===
{"actual_status":null,"intended_status":null,"status_msg":null,"direct_port_count":null,"public_ipaddr":null,"ports":null,"ssh_host":null,"ssh_port":null,"gpu_name":null,"num_gpus":null,"disk_util":null,"cur_state":null}
=== 2026-06-09T16:42:44Z ===
{"actual_status":null,"intended_status":null,"status_msg":null,"direct_port_count":null,"public_ipaddr":null,"ports":null,"ssh_host":null,"ssh_port":null,"gpu_name":null,"num_gpus":null,"disk_util":null,"cur_state":null}
=== 2026-06-09T16:42:50Z ===
{"actual_status":null,"intended_status":null,"status_msg":null,"direct_port_count":null,"public_ipaddr":null,"ports":null,"ssh_host":null,"ssh_port":null,"gpu_name":null,"num_gpus":null,"disk_util":null,"cur_state":null}
=== 2026-06-09T16:42:55Z ===
{"actual_status":null,"intended_status":null,"status_msg":null,"direct_port_count":null,"public_ipaddr":null,"ports":null,"ssh_host":null,"ssh_port":null,"gpu_name":null,"num_gpus":null,"disk_util":null,"cur_state":null}
=== 2026-06-09T16:43:01Z ===
{"actual_status":null,"intended_status":null,"status_msg":null,"direct_port_count":null,"public_ipaddr":null,"ports":null,"ssh_host":null,"ssh_port":null,"gpu_name":null,"num_gpus":null,"disk_util":null,"cur_state":null}
=== 2026-06-09T16:43:07Z ===
{"actual_status":null,"intended_status":null,"status_msg":null,"direct_port_count":null,"public_ipaddr":null,"ports":null,"ssh_host":null,"ssh_port":null,"gpu_name":null,"num_gpus":null,"disk_util":null,"cur_state":null}
=== 2026-06-09T16:43:13Z ===
{"actual_status":null,"intended_status":null,"status_msg":null,"direct_port_count":null,"public_ipaddr":null,"ports":null,"ssh_host":null,"ssh_port":null,"gpu_name":null,"num_gpus":null,"disk_util":null,"cur_state":null}
=== 2026-06-09T16:43:19Z ===
{"actual_status":null,"intended_status":null,"status_msg":null,"direct_port_count":null,"public_ipaddr":null,"ports":null,"ssh_host":null,"ssh_port":null,"gpu_name":null,"num_gpus":null,"disk_util":null,"cur_state":null}
=== 2026-06-09T16:43:24Z ===
{"actual_status":null,"intended_status":null,"status_msg":null,"direct_port_count":null,"public_ipaddr":null,"ports":null,"ssh_host":null,"ssh_port":null,"gpu_name":null,"num_gpus":null,"disk_util":null,"cur_state":null}
=== 2026-06-09T16:43:30Z ===
{"actual_status":null,"intended_status":null,"status_msg":null,"direct_port_count":null,"public_ipaddr":null,"ports":null,"ssh_host":null,"ssh_port":null,"gpu_name":null,"num_gpus":null,"disk_util":null,"cur_state":null}
=== 2026-06-09T16:43:36Z ===
{"actual_status":null,"intended_status":null,"status_msg":null,"direct_port_count":null,"public_ipaddr":null,"ports":null,"ssh_host":null,"ssh_port":null,"gpu_name":null,"num_gpus":null,"disk_util":null,"cur_state":null}
=== 2026-06-09T16:43:41Z ===
{"actual_status":null,"intended_status":null,"status_msg":null,"direct_port_count":null,"public_ipaddr":null,"ports":null,"ssh_host":null,"ssh_port":null,"gpu_name":null,"num_gpus":null,"disk_util":null,"cur_state":null}
=== 2026-06-09T16:43:47Z ===
{"actual_status":null,"intended_status":null,"status_msg":null,"direct_port_count":null,"public_ipaddr":null,"ports":null,"ssh_host":null,"ssh_port":null,"gpu_name":null,"num_gpus":null,"disk_util":null,"cur_state":null}
=== 2026-06-09T16:43:53Z ===
{"actual_status":null,"intended_status":null,"status_msg":null,"direct_port_count":null,"public_ipaddr":null,"ports":null,"ssh_host":null,"ssh_port":null,"gpu_name":null,"num_gpus":null,"disk_util":null,"cur_state":null}
=== 2026-06-09T16:43:58Z ===
{"actual_status":null,"intended_status":null,"status_msg":null,"direct_port_count":null,"public_ipaddr":null,"ports":null,"ssh_host":null,"ssh_port":null,"gpu_name":null,"num_gpus":null,"disk_util":null,"cur_state":null}
=== 2026-06-09T16:44:04Z ===
{"actual_status":null,"intended_status":null,"status_msg":null,"direct_port_count":null,"public_ipaddr":null,"ports":null,"ssh_host":null,"ssh_port":null,"gpu_name":null,"num_gpus":null,"disk_util":null,"cur_state":null}
=== 2026-06-09T16:44:10Z ===
{"actual_status":null,"intended_status":null,"status_msg":null,"direct_port_count":null,"public_ipaddr":null,"ports":null,"ssh_host":null,"ssh_port":null,"gpu_name":null,"num_gpus":null,"disk_util":null,"cur_state":null}
=== 2026-06-09T16:44:15Z ===
{"actual_status":null,"intended_status":null,"status_msg":null,"direct_port_count":null,"public_ipaddr":null,"ports":null,"ssh_host":null,"ssh_port":null,"gpu_name":null,"num_gpus":null,"disk_util":null,"cur_state":null}
=== 2026-06-09T16:44:21Z ===
{"actual_status":null,"intended_status":null,"status_msg":null,"direct_port_count":null,"public_ipaddr":null,"ports":null,"ssh_host":null,"ssh_port":null,"gpu_name":null,"num_gpus":null,"disk_util":null,"cur_state":null}
=== 2026-06-09T16:44:27Z ===
{"actual_status":null,"intended_status":null,"status_msg":null,"direct_port_count":null,"public_ipaddr":null,"ports":null,"ssh_host":null,"ssh_port":null,"gpu_name":null,"num_gpus":null,"disk_util":null,"cur_state":null}
=== 2026-06-09T16:44:32Z ===
{"actual_status":null,"intended_status":null,"status_msg":null,"direct_port_count":null,"public_ipaddr":null,"ports":null,"ssh_host":null,"ssh_port":null,"gpu_name":null,"num_gpus":null,"disk_util":null,"cur_state":null}
=== 2026-06-09T16:44:38Z ===
{"actual_status":null,"intended_status":null,"status_msg":null,"direct_port_count":null,"public_ipaddr":null,"ports":null,"ssh_host":null,"ssh_port":null,"gpu_name":null,"num_gpus":null,"disk_util":null,"cur_state":null}

=== MANUAL CORRECTION 2026-06-09T16:45:30Z (curl with ?api_key= query param) ===
Plan-prescribed auth header `Authorization: Bearer $KEY` silently returns null fields against /api/v0/instances/<id>/ (Vast API does not honor Bearer auth on instance endpoints; requires ?api_key=<key> query param). Above 16:29Z–16:44Z poll loop captured nulls due to this. Below is the truthful mid-flight snapshot captured via corrected auth at T+~17min:

{
  "actual_status": "running",
  "cur_state": "running",
  "intended_status": "running",
  "status_msg": "success, running ghcr.io/ifixtelecom/converseai-primary-pod:develop",
  "public_ipaddr": "192.168.1.8",   <-- RFC1918 PRIVATE, NOT public-routable
  "ssh_host": null,                 <-- NEVER ASSIGNED
  "ssh_port": null,                 <-- NEVER ASSIGNED
  "direct_port_count": 250,         <-- 250 free ports in host range 43217-43493 (none allocated to this pod)
  "gpu_name": "RTX 3090",
  "num_gpus": 1,                    <-- 1, NOT 2 (matches gateway log shape=0 gpu_shape="1xRTX 3090")
  "dph_total": 0.1498,
  "duration": 5180975.6,            <-- HOST duration, not pod
  "client_run_time": 1.1,           <-- pod created 1.1s after API call
  "image_runtype": "args",
  "disk_util": 23, "disk_space": 50,
  "gpu_util": 0, "gpu_temp": 34.99, <-- GPU idle, no model loaded
  "inet_up": 289.6, "inet_down": 443.6,  <-- recent network activity (image extract)
  "start_date": 1781022517.4 (= 2026-06-09T16:28:37Z),
  "end_date": 1786204560
}
